Flutter crash report; please file at https://github.com/flutter/flutter/issues.

## command

flutter create new_project

## exception

ArgumentError: Invalid argument(s): Cannot find executable for where.

```
#0      _getExecutable (package:process/src/interface/local_process_manager.dart:113:5)
#1      LocalProcessManager.runSync (package:process/src/interface/local_process_manager.dart:84:7)
#2      _WindowsUtils._which (package:flutter_tools/src/base/os.dart:164:49)
#3      OperatingSystemUtils.whichAll (package:flutter_tools/src/base/os.dart:41:43)
#4      AndroidSdk.locateAndroidSdk.findAndroidHomeDir (package:flutter_tools/src/android/android_sdk.dart:331:38)
#5      AndroidSdk.locateAndroidSdk (package:flutter_tools/src/android/android_sdk.dart:353:53)
#6      AppContext._generateIfNecessary.<anonymous closure> (package:flutter_tools/src/base/context.dart:99:41)
#7      __InternalLinkedHashMap&_HashVMBase&MapMixin&_LinkedHashMapMixin.putIfAbsent (dart:collection-patch/compact_hash.dart:281:23)
#8      AppContext._generateIfNecessary (package:flutter_tools/src/base/context.dart:87:20)
#9      AppContext.[] (package:flutter_tools/src/base/context.dart:114:32)
#10     AppContext.[] (package:flutter_tools/src/base/context.dart:113:22)
#11     AppContext.[] (package:flutter_tools/src/base/context.dart:113:22)
#12     androidSdk (package:flutter_tools/src/android/android_sdk.dart:20:37)
#13     updateLocalProperties (package:flutter_tools/src/android/gradle.dart:285:7)
#14     AndroidProject.ensureReadyForPlatformSpecificTooling (package:flutter_tools/src/project.dart:437:5)
<asynchronous suspension>
#15     FlutterProject.ensureReadyForPlatformSpecificTooling (package:flutter_tools/src/project.dart:165:19)
<asynchronous suspension>
#16     CreateCommand._generateApp (package:flutter_tools/src/commands/create.dart:513:21)
<asynchronous suspension>
#17     CreateCommand.runCommand (package:flutter_tools/src/commands/create.dart:353:37)
<asynchronous suspension>
#18     FlutterCommand.verifyThenRunCommand (package:flutter_tools/src/runner/flutter_command.dart:559:18)
#19     _asyncThenWrapperHelper.<anonymous closure> (dart:async-patch/async_patch.dart:77:64)
#20     _rootRunUnary (dart:async/zone.dart:1132:38)
#21     _CustomZone.runUnary (dart:async/zone.dart:1029:19)
#22     _FutureListener.handleValue (dart:async/future_impl.dart:126:18)
#23     Future._propagateToListeners.handleValueCallback (dart:async/future_impl.dart:639:45)
#24     Future._propagateToListeners (dart:async/future_impl.dart:668:32)
#25     Future._complete (dart:async/future_impl.dart:473:7)
#26     _SyncCompleter.complete (dart:async/future_impl.dart:51:12)
#27     _AsyncAwaitCompleter.complete.<anonymous closure> (dart:async-patch/async_patch.dart:33:20)
#28     _rootRun (dart:async/zone.dart:1124:13)
#29     _CustomZone.run (dart:async/zone.dart:1021:19)
#30     _CustomZone.bindCallback.<anonymous closure> (dart:async/zone.dart:947:23)
#31     _microtaskLoop (dart:async/schedule_microtask.dart:41:21)
#32     _startMicrotaskLoop (dart:async/schedule_microtask.dart:50:5)
#33     _runPendingImmediateCallback (dart:isolate-patch/isolate_patch.dart:115:13)
#34     _RawReceivePortImpl._handleMessage (dart:isolate-patch/isolate_patch.dart:172:5)
```

## flutter doctor

```
encountered exception: Invalid argument(s): Cannot find executable for where.

#0      _getExecutable (package:process/src/interface/local_process_manager.dart:113:5)
#1      LocalProcessManager.runSync (package:process/src/interface/local_process_manager.dart:84:7)
#2      _WindowsUtils._which (package:flutter_tools/src/base/os.dart:164:49)
#3      OperatingSystemUtils.whichAll (package:flutter_tools/src/base/os.dart:41:43)
#4      AndroidSdk.locateAndroidSdk.findAndroidHomeDir (package:flutter_tools/src/android/android_sdk.dart:331:38)
#5      AndroidSdk.locateAndroidSdk (package:flutter_tools/src/android/android_sdk.dart:353:53)
#6      AppContext._generateIfNecessary.<anonymous closure> (package:flutter_tools/src/base/context.dart:99:41)
#7      __InternalLinkedHashMap&_HashVMBase&MapMixin&_LinkedHashMapMixin.putIfAbsent (dart:collection-patch/compact_hash.dart:281:23)
#8      AppContext._generateIfNecessary (package:flutter_tools/src/base/context.dart:87:20)
#9      AppContext.[] (package:flutter_tools/src/base/context.dart:114:32)
#10     AppContext.[] (package:flutter_tools/src/base/context.dart:113:22)
#11     androidSdk (package:flutter_tools/src/android/android_sdk.dart:20:37)
#12     AndroidWorkflow.canListDevices (package:flutter_tools/src/android/android_workflow.dart:44:41)
#13     AndroidDevices.canListAnything (package:flutter_tools/src/android/android_device.dart:52:47)
#14     DeviceManager.canListAnything.<anonymous closure> (package:flutter_tools/src/device.dart:122:80)
#15     Iterable.any (dart:core/iterable.dart:386:15)
#16     DeviceManager.canListAnything (package:flutter_tools/src/device.dart:122:33)
#17     _DefaultDoctorValidatorsProvider.validators (package:flutter_tools/src/doctor.dart:76:25)
#18     Doctor.validators (package:flutter_tools/src/doctor.dart:121:46)
#19     Doctor.startValidatorTasks (package:flutter_tools/src/doctor.dart:128:39)
#20     Doctor.diagnose (package:flutter_tools/src/doctor.dart:200:41)
<asynchronous suspension>
#21     _doctorText.<anonymous closure> (package:flutter_tools/runner.dart:188:26)
#22     AppContext.run.<anonymous closure> (package:flutter_tools/src/base/context.dart:142:29)
<asynchronous suspension>
#23     _rootRun (dart:async/zone.dart:1124:13)
#24     _CustomZone.run (dart:async/zone.dart:1021:19)
#25     _runZoned (dart:async/zone.dart:1516:10)
#26     runZoned (dart:async/zone.dart:1463:12)
#27     AppContext.run (package:flutter_tools/src/base/context.dart:141:18)
<asynchronous suspension>
#28     _doctorText (package:flutter_tools/runner.dart:187:19)
<asynchronous suspension>
#29     _createLocalCrashReport (package:flutter_tools/runner.dart:165:32)
<asynchronous suspension>
#30     _handleToolError (package:flutter_tools/runner.dart:120:33)
<asynchronous suspension>
#31     run.<anonymous closure> (package:flutter_tools/runner.dart:64:20)
<asynchronous suspension>
#32     AppContext.run.<anonymous closure> (package:flutter_tools/src/base/context.dart:142:29)
<asynchronous suspension>
#33     _rootRun (dart:async/zone.dart:1124:13)
#34     _CustomZone.run (dart:async/zone.dart:1021:19)
#35     _runZoned (dart:async/zone.dart:1516:10)
#36     runZoned (dart:async/zone.dart:1463:12)
#37     AppContext.run (package:flutter_tools/src/base/context.dart:141:18)
<asynchronous suspension>
#38     runInContext (package:flutter_tools/src/context_runner.dart:50:24)
<asynchronous suspension>
#39     run (package:flutter_tools/runner.dart:51:10)
#40     main (package:flutter_tools/executable.dart:60:9)
<asynchronous suspension>
#41     main (file:///C:/b/s/w/ir/k/archive/flutter/packages/flutter_tools/bin/flutter_tools.dart:8:3)
#42     _startIsolate.<anonymous closure> (dart:isolate-patch/isolate_patch.dart:298:32)
#43     _RawReceivePortImpl._handleMessage (dart:isolate-patch/isolate_patch.dart:171:12)
```
