Flutter crash report; please file at https://github.com/flutter/flutter/issues.

## command

flutter build apk --release

## exception

ArgumentError: Invalid argument(s): Cannot find executable for where.

```
#0      _getExecutable (package:process/src/interface/local_process_manager.dart:113:5)
#1      LocalProcessManager.runSync (package:process/src/interface/local_process_manager.dart:84:7)
#2      _WindowsUtils._which (package:flutter_tools/src/base/os.dart:164:49)
#3      OperatingSystemUtils.whichAll (package:flutter_tools/src/base/os.dart:41:43)
#4      AndroidSdk.locateAndroidSdk.findAndroidHomeDir (package:flutter_tools/src/android/android_sdk.dart:331:38)
#5      AndroidSdk.locateAndroidSdk (package:flutter_tools/src/android/android_sdk.dart:353:53)
#6      AppContext._generateIfNecessary.<anonymous closure> (package:flutter_tools/src/base/context.dart:99:41)
#7      __InternalLinkedHashMap&_HashVMBase&MapMixin&_LinkedHashMapMixin.putIfAbsent (dart:collection-patch/compact_hash.dart:281:23)
#8      AppContext._generateIfNecessary (package:flutter_tools/src/base/context.dart:87:20)
#9      AppContext.[] (package:flutter_tools/src/base/context.dart:114:32)
#10     AppContext.[] (package:flutter_tools/src/base/context.dart:113:22)
#11     AppContext.[] (package:flutter_tools/src/base/context.dart:113:22)
#12     androidSdk (package:flutter_tools/src/android/android_sdk.dart:20:37)
#13     updateLocalProperties (package:flutter_tools/src/android/gradle.dart:285:7)
#14     AndroidProject.ensureReadyForPlatformSpecificTooling (package:flutter_tools/src/project.dart:437:5)
<asynchronous suspension>
#15     FlutterProject.ensureReadyForPlatformSpecificTooling (package:flutter_tools/src/project.dart:165:19)
<asynchronous suspension>
#16     FlutterCommand.verifyThenRunCommand (package:flutter_tools/src/runner/flutter_command.dart:549:21)
<asynchronous suspension>
#17     FlutterCommand.run.<anonymous closure> (package:flutter_tools/src/runner/flutter_command.dart:495:33)
<asynchronous suspension>
#18     AppContext.run.<anonymous closure> (package:flutter_tools/src/base/context.dart:142:29)
<asynchronous suspension>
#19     _rootRun (dart:async/zone.dart:1124:13)
#20     _CustomZone.run (dart:async/zone.dart:1021:19)
#21     _runZoned (dart:async/zone.dart:1516:10)
#22     runZoned (dart:async/zone.dart:1463:12)
#23     AppContext.run (package:flutter_tools/src/base/context.dart:141:18)
<asynchronous suspension>
#24     FlutterCommand.run (package:flutter_tools/src/runner/flutter_command.dart:486:20)
#25     CommandRunner.runCommand (package:args/command_runner.dart:196:27)
<asynchronous suspension>
#26     FlutterCommandRunner.runCommand.<anonymous closure> (package:flutter_tools/src/runner/flutter_command_runner.dart:396:21)
<asynchronous suspension>
#27     AppContext.run.<anonymous closure> (package:flutter_tools/src/base/context.dart:142:29)
<asynchronous suspension>
#28     _rootRun (dart:async/zone.dart:1124:13)
#29     _CustomZone.run (dart:async/zone.dart:1021:19)
#30     _runZoned (dart:async/zone.dart:1516:10)
#31     runZoned (dart:async/zone.dart:1463:12)
#32     AppContext.run (package:flutter_tools/src/base/context.dart:141:18)
<asynchronous suspension>
#33     FlutterCommandRunner.runCommand (package:flutter_tools/src/runner/flutter_command_runner.dart:356:19)
<asynchronous suspension>
#34     CommandRunner.run.<anonymous closure> (package:args/command_runner.dart:111:29)
#35     new Future.sync (dart:async/future.dart:224:31)
#36     CommandRunner.run (package:args/command_runner.dart:111:11)
#37     FlutterCommandRunner.run (package:flutter_tools/src/runner/flutter_command_runner.dart:242:18)
#38     run.<anonymous closure> (package:flutter_tools/runner.dart:60:20)
<asynchronous suspension>
#39     AppContext.run.<anonymous closure> (package:flutter_tools/src/base/context.dart:142:29)
<asynchronous suspension>
#40     _rootRun (dart:async/zone.dart:1124:13)
#41     _CustomZone.run (dart:async/zone.dart:1021:19)
#42     _runZoned (dart:async/zone.dart:1516:10)
#43     runZoned (dart:async/zone.dart:1463:12)
#44     AppContext.run (package:flutter_tools/src/base/context.dart:141:18)
<asynchronous suspension>
#45     runInContext (package:flutter_tools/src/context_runner.dart:50:24)
<asynchronous suspension>
#46     run (package:flutter_tools/runner.dart:51:10)
#47     main (package:flutter_tools/executable.dart:60:9)
<asynchronous suspension>
#48     main (file:///C:/b/s/w/ir/k/archive/flutter/packages/flutter_tools/bin/flutter_tools.dart:8:3)
#49     _startIsolate.<anonymous closure> (dart:isolate-patch/isolate_patch.dart:298:32)
#50     _RawReceivePortImpl._handleMessage (dart:isolate-patch/isolate_patch.dart:171:12)
```

## flutter doctor

```
encountered exception: Invalid argument(s): Cannot find executable for where.

#0      _getExecutable (package:process/src/interface/local_process_manager.dart:113:5)
#1      LocalProcessManager.runSync (package:process/src/interface/local_process_manager.dart:84:7)
#2      _WindowsUtils._which (package:flutter_tools/src/base/os.dart:164:49)
#3      OperatingSystemUtils.whichAll (package:flutter_tools/src/base/os.dart:41:43)
#4      AndroidSdk.locateAndroidSdk.findAndroidHomeDir (package:flutter_tools/src/android/android_sdk.dart:331:38)
#5      AndroidSdk.locateAndroidSdk (package:flutter_tools/src/android/android_sdk.dart:353:53)
#6      AppContext._generateIfNecessary.<anonymous closure> (package:flutter_tools/src/base/context.dart:99:41)
#7      __InternalLinkedHashMap&_HashVMBase&MapMixin&_LinkedHashMapMixin.putIfAbsent (dart:collection-patch/compact_hash.dart:281:23)
#8      AppContext._generateIfNecessary (package:flutter_tools/src/base/context.dart:87:20)
#9      AppContext.[] (package:flutter_tools/src/base/context.dart:114:32)
#10     AppContext.[] (package:flutter_tools/src/base/context.dart:113:22)
#11     androidSdk (package:flutter_tools/src/android/android_sdk.dart:20:37)
#12     AndroidWorkflow.canListDevices (package:flutter_tools/src/android/android_workflow.dart:44:41)
#13     AndroidDevices.canListAnything (package:flutter_tools/src/android/android_device.dart:52:47)
#14     DeviceManager.canListAnything.<anonymous closure> (package:flutter_tools/src/device.dart:122:80)
#15     Iterable.any (dart:core/iterable.dart:386:15)
#16     DeviceManager.canListAnything (package:flutter_tools/src/device.dart:122:33)
#17     _DefaultDoctorValidatorsProvider.validators (package:flutter_tools/src/doctor.dart:76:25)
#18     Doctor.validators (package:flutter_tools/src/doctor.dart:121:46)
#19     Doctor.startValidatorTasks (package:flutter_tools/src/doctor.dart:128:39)
#20     Doctor.diagnose (package:flutter_tools/src/doctor.dart:200:41)
<asynchronous suspension>
#21     _doctorText.<anonymous closure> (package:flutter_tools/runner.dart:188:26)
#22     AppContext.run.<anonymous closure> (package:flutter_tools/src/base/context.dart:142:29)
<asynchronous suspension>
#23     _rootRun (dart:async/zone.dart:1124:13)
#24     _CustomZone.run (dart:async/zone.dart:1021:19)
#25     _runZoned (dart:async/zone.dart:1516:10)
#26     runZoned (dart:async/zone.dart:1463:12)
#27     AppContext.run (package:flutter_tools/src/base/context.dart:141:18)
<asynchronous suspension>
#28     _doctorText (package:flutter_tools/runner.dart:187:19)
<asynchronous suspension>
#29     _createLocalCrashReport (package:flutter_tools/runner.dart:165:32)
<asynchronous suspension>
#30     _handleToolError (package:flutter_tools/runner.dart:120:33)
<asynchronous suspension>
#31     run.<anonymous closure> (package:flutter_tools/runner.dart:64:20)
<asynchronous suspension>
#32     AppContext.run.<anonymous closure> (package:flutter_tools/src/base/context.dart:142:29)
<asynchronous suspension>
#33     _rootRun (dart:async/zone.dart:1124:13)
#34     _CustomZone.run (dart:async/zone.dart:1021:19)
#35     _runZoned (dart:async/zone.dart:1516:10)
#36     runZoned (dart:async/zone.dart:1463:12)
#37     AppContext.run (package:flutter_tools/src/base/context.dart:141:18)
<asynchronous suspension>
#38     runInContext (package:flutter_tools/src/context_runner.dart:50:24)
<asynchronous suspension>
#39     run (package:flutter_tools/runner.dart:51:10)
#40     main (package:flutter_tools/executable.dart:60:9)
<asynchronous suspension>
#41     main (file:///C:/b/s/w/ir/k/archive/flutter/packages/flutter_tools/bin/flutter_tools.dart:8:3)
#42     _startIsolate.<anonymous closure> (dart:isolate-patch/isolate_patch.dart:298:32)
#43     _RawReceivePortImpl._handleMessage (dart:isolate-patch/isolate_patch.dart:171:12)
```
